This is pdfTeX, Version 3.14159265-2.6-1.40.21 (MiKTeX 21.1) (preloaded format=pdflatex 2021.1.23)  17 NOV 2025 14:49
entering extended mode
**./UG.FskEncoder.tex
(UG.FskEncoder.tex
LaTeX2e <2020-10-01> patch level 4
L3 programming layer <2021-01-09> xparse <2020-03-03>
(C:\Users\Stefan\AppData\Local\Programs\MiKTeX\tex/latex/base\article.cls
Document Class: article 2020/04/10 v1.4m Standard LaTeX document class
(C:\Users\Stefan\AppData\Local\Programs\MiKTeX\tex/latex/base\size10.clo
File: size10.clo 2020/04/10 v1.4m Standard LaTeX file (size option)
)
\c@part=\count177
\c@section=\count178
\c@subsection=\count179
\c@subsubsection=\count180
\c@paragraph=\count181
\c@subparagraph=\count182
\c@figure=\count183
\c@table=\count184
\abovecaptionskip=\skip47
\belowcaptionskip=\skip48
\bibindent=\dimen138
)
(C:\Users\Stefan\AppData\Local\Programs\MiKTeX\tex/latex/amsmath\amsmath.sty
Package: amsmath 2020/09/23 v2.17i AMS math features
\@mathmargin=\skip49

For additional information on amsmath, use the `?' option.
(C:\Users\Stefan\AppData\Local\Programs\MiKTeX\tex/latex/amsmath\amstext.sty
Package: amstext 2000/06/29 v2.01 AMS text

(C:\Users\Stefan\AppData\Local\Programs\MiKTeX\tex/latex/amsmath\amsgen.sty
File: amsgen.sty 1999/11/30 v2.0 generic functions
\@emptytoks=\toks15
\ex@=\dimen139
))
(C:\Users\Stefan\AppData\Local\Programs\MiKTeX\tex/latex/amsmath\amsbsy.sty
Package: amsbsy 1999/11/29 v1.2d Bold Symbols
\pmbraise@=\dimen140
)
(C:\Users\Stefan\AppData\Local\Programs\MiKTeX\tex/latex/amsmath\amsopn.sty
Package: amsopn 2016/03/08 v2.02 operator names
)
\inf@bad=\count185
LaTeX Info: Redefining \frac on input line 234.
\uproot@=\count186
\leftroot@=\count187
LaTeX Info: Redefining \overline on input line 399.
\classnum@=\count188
\DOTSCASE@=\count189
LaTeX Info: Redefining \ldots on input line 496.
LaTeX Info: Redefining \dots on input line 499.
LaTeX Info: Redefining \cdots on input line 620.
\Mathstrutbox@=\box47
\strutbox@=\box48
\big@size=\dimen141
LaTeX Font Info:    Redeclaring font encoding OML on input line 743.
LaTeX Font Info:    Redeclaring font encoding OMS on input line 744.
\macc@depth=\count190
\c@MaxMatrixCols=\count191
\dotsspace@=\muskip16
\c@parentequation=\count192
\dspbrk@lvl=\count193
\tag@help=\toks16
\row@=\count194
\column@=\count195
\maxfields@=\count196
\andhelp@=\toks17
\eqnshift@=\dimen142
\alignsep@=\dimen143
\tagshift@=\dimen144
\tagwidth@=\dimen145
\totwidth@=\dimen146
\lineht@=\dimen147
\@envbody=\toks18
\multlinegap=\skip50
\multlinetaggap=\skip51
\mathdisplay@stack=\toks19
LaTeX Info: Redefining \[ on input line 2923.
LaTeX Info: Redefining \] on input line 2924.
)
(C:\Users\Stefan\AppData\Local\Programs\MiKTeX\tex/latex/amsfonts\amsfonts.sty
Package: amsfonts 2013/01/14 v3.01 Basic AMSFonts support
\symAMSa=\mathgroup4
\symAMSb=\mathgroup5
LaTeX Font Info:    Redeclaring math symbol \hbar on input line 98.
LaTeX Font Info:    Overwriting math alphabet `\mathfrak' in version `bold'
(Font)                  U/euf/m/n --> U/euf/b/n on input line 106.
) (C:\Users\Stefan\AppData\Local\Programs\MiKTeX\tex/latex/amsfonts\amssymb.sty
Package: amssymb 2013/01/14 v3.01 AMS font symbols
) (C:\Users\Stefan\AppData\Local\Programs\MiKTeX\tex/latex/graphics\graphicx.st
y
Package: graphicx 2020/09/09 v1.2b Enhanced LaTeX Graphics (DPC,SPQR)
(C:\Users\Stefan\AppData\Local\Programs\MiKTeX\tex/latex/graphics\keyval.sty
Package: keyval 2014/10/28 v1.15 key=value parser (DPC)
\KV@toks@=\toks20
)
(C:\Users\Stefan\AppData\Local\Programs\MiKTeX\tex/latex/graphics\graphics.sty
Package: graphics 2020/08/30 v1.4c Standard LaTeX Graphics (DPC,SPQR)

(C:\Users\Stefan\AppData\Local\Programs\MiKTeX\tex/latex/graphics\trig.sty
Package: trig 2016/01/03 v1.10 sin cos tan (DPC)
)
(C:\Users\Stefan\AppData\Local\Programs\MiKTeX\tex/latex/graphics-cfg\graphics.
cfg
File: graphics.cfg 2016/06/04 v1.11 sample graphics configuration
)
Package graphics Info: Driver file: pdftex.def on input line 105.

(C:\Users\Stefan\AppData\Local\Programs\MiKTeX\tex/latex/graphics-def\pdftex.de
f
File: pdftex.def 2020/10/05 v1.2a Graphics/color driver for pdftex
))
\Gin@req@height=\dimen148
\Gin@req@width=\dimen149
)
(C:\Users\Stefan\AppData\Local\Programs\MiKTeX\tex/latex/wrapfig\wrapfig.sty
\wrapoverhang=\dimen150
\WF@size=\dimen151
\c@WF@wrappedlines=\count197
\WF@box=\box49
\WF@everypar=\toks21
Package: wrapfig 2003/01/31  v 3.6
)
(C:\Users\Stefan\AppData\Local\Programs\MiKTeX\tex/latex/koma-script\scrextend.
sty
Package: scrextend 2020/09/21 v3.32 KOMA-Script package (extend other classes w
ith features of KOMA-Script classes)

(C:\Users\Stefan\AppData\Local\Programs\MiKTeX\tex/latex/koma-script\scrkbase.s
ty
Package: scrkbase 2020/09/21 v3.32 KOMA-Script package (KOMA-Script-dependent b
asics and keyval usage)

(C:\Users\Stefan\AppData\Local\Programs\MiKTeX\tex/latex/koma-script\scrbase.st
y
Package: scrbase 2020/09/21 v3.32 KOMA-Script package (KOMA-Script-independent 
basics and keyval usage)

(C:\Users\Stefan\AppData\Local\Programs\MiKTeX\tex/latex/koma-script\scrlfile.s
ty
Package: scrlfile 2020/09/21 v3.32 KOMA-Script package (file load hooks)

(C:\Users\Stefan\AppData\Local\Programs\MiKTeX\tex/latex/koma-script\scrlfile-h
ook.sty
Package: scrlfile-hook 2020/09/21 v3.32 KOMA-Script package (using LaTeX hooks)


LaTeX3 Info: Defining command \BeforeFile with sig. 'm' on line 61.


LaTeX3 Info: Defining command \AfterFile with sig. 'm' on line 65.


LaTeX3 Info: Defining command \BeforeClass with sig. 'm' on line 69.


LaTeX3 Info: Defining command \BeforePackage with sig. 'm' on line 73.


LaTeX3 Info: Defining command \AfterAtEndOfClass with sig. 'smo+m' on line 83.


LaTeX3 Info: Defining command \AfterAtEndOfPackage with sig. 'smo+m' on line
(LaTeX3)     93.


LaTeX3 Info: Defining command \scrlfile@AfterClass with sig. 'smo+m' on line
(LaTeX3)     173.


LaTeX3 Info: Defining command \AfterClass with sig. '' on line 174.


LaTeX3 Info: Defining command \scrlfile@AfterPackage with sig. 'smo+m' on line
(LaTeX3)     191.


LaTeX3 Info: Defining command \AfterPackage with sig. '' on line 192.


LaTeX3 Info: Defining command \ReplaceInput with sig. '' on line 193.


LaTeX3 Info: Defining command \ReplaceClass with sig. 'mm' on line 196.


LaTeX3 Info: Defining command \ReplacePackage with sig. 'mm' on line 199.


LaTeX3 Info: Defining command \UnReplaceInput with sig. '' on line 200.


LaTeX3 Info: Defining command \UnReplaceClass with sig. 'm' on line 203.


LaTeX3 Info: Defining command \UnReplacePackage with sig. 'mm' on line 206.


LaTeX3 Info: Defining command \PreventPackageFromLoading with sig. 's+om' on
(LaTeX3)     line 234.


LaTeX3 Info: Defining command \StorePreventPackageFromLoading with sig. 'm' on
(LaTeX3)     line 242.


LaTeX3 Info: Defining command \ResetPreventPackageFromLoading with sig. '' on
(LaTeX3)     line 247.


LaTeX3 Info: Defining command \UnPreventPackageFromLoading with sig. 'sm' on
(LaTeX3)     line 261.


LaTeX3 Info: Defining command \BeforeClosingMainAux with sig. 'om' on line
(LaTeX3)     274.


LaTeX3 Info: Defining command \AfterReadingMainAux with sig. 'om' on line 287.


LaTeX3 Info: Defining command \protected@immediate@write with sig. 'm+m+m' on
(LaTeX3)     line 298.


(C:\Users\Stefan\AppData\Local\Programs\MiKTeX\tex/latex/koma-script\scrlogo.st
y
Package: scrlogo 2020/09/21 v3.32 KOMA-Script package (logo)
))))))
(C:\Users\Stefan\AppData\Local\Programs\MiKTeX\tex/latex/adjustbox\adjustbox.st
y
Package: adjustbox 2025/02/26 v1.3c Adjusting TeX boxes (trim, clip, ...)
 (C:\Users\Stefan\AppData\Local\Programs\MiKTeX\tex/latex/xkeyval\xkeyval.sty
Package: xkeyval 2020/11/20 v2.8 package option processing (HA)

(C:\Users\Stefan\AppData\Local\Programs\MiKTeX\tex/generic/xkeyval\xkeyval.tex
(C:\Users\Stefan\AppData\Local\Programs\MiKTeX\tex/generic/xkeyval\xkvutils.tex
\XKV@toks=\toks22
\XKV@tempa@toks=\toks23
)
\XKV@depth=\count198
File: xkeyval.tex 2014/12/03 v2.7a key=value parser (HA)
))
(C:\Users\Stefan\AppData\Local\Programs\MiKTeX\tex/latex/adjustbox\adjcalc.sty
Package: adjcalc 2012/05/16 v1.1 Provides advanced setlength with multiple back
-ends (calc, etex, pgfmath)
)
(C:\Users\Stefan\AppData\Local\Programs\MiKTeX\tex/latex/adjustbox\trimclip.sty
Package: trimclip 2025/02/21 v1.2a Trim and clip general TeX material

(C:\Users\Stefan\AppData\Local\Programs\MiKTeX\tex/latex/collectbox\collectbox.
sty
Package: collectbox 2022/10/17 v0.4c Collect macro arguments as boxes
\collectedbox=\box50
)
\tc@llx=\dimen152
\tc@lly=\dimen153
\tc@urx=\dimen154
\tc@ury=\dimen155
Package trimclip Info: Using driver 'tc-pdftex.def'.

(C:\Users\Stefan\AppData\Local\Programs\MiKTeX\tex/latex/adjustbox\tc-pdftex.de
f
File: tc-pdftex.def 2025/02/26 v2.3 Clipping driver for pdftex
))
\adjbox@Width=\dimen156
\adjbox@Height=\dimen157
\adjbox@Depth=\dimen158
\adjbox@Totalheight=\dimen159
\adjbox@pwidth=\dimen160
\adjbox@pheight=\dimen161
\adjbox@pdepth=\dimen162
\adjbox@ptotalheight=\dimen163

(C:\Users\Stefan\AppData\Local\Programs\MiKTeX\tex/latex/ifoddpage\ifoddpage.st
y
Package: ifoddpage 2022/10/18 v1.2 Conditionals for odd/even page detection
\c@checkoddpage=\count199
)
(C:\Users\Stefan\AppData\Local\Programs\MiKTeX\tex/latex/varwidth\varwidth.sty
Package: varwidth 2009/03/30 ver 0.92;  Variable-width minipages
\@vwid@box=\box51
\sift@deathcycles=\count266
\@vwid@loff=\dimen164
\@vwid@roff=\dimen165
))
\c@theorem=\count267

(C:\Users\Stefan\AppData\Local\Programs\MiKTeX\tex/latex/l3backend\l3backend-pd
ftex.def
File: l3backend-pdftex.def 2021-01-09 L3 backend support: PDF output (pdfTeX)
\l__kernel_color_stack_int=\count268
\l__pdf_internal_box=\box52
) (UG.FskEncoder.aux)
\openout1 = `UG.FskEncoder.aux'.

LaTeX Font Info:    Checking defaults for OML/cmm/m/it on input line 80.
LaTeX Font Info:    ... okay on input line 80.
LaTeX Font Info:    Checking defaults for OMS/cmsy/m/n on input line 80.
LaTeX Font Info:    ... okay on input line 80.
LaTeX Font Info:    Checking defaults for OT1/cmr/m/n on input line 80.
LaTeX Font Info:    ... okay on input line 80.
LaTeX Font Info:    Checking defaults for T1/cmr/m/n on input line 80.
LaTeX Font Info:    ... okay on input line 80.
LaTeX Font Info:    Checking defaults for TS1/cmr/m/n on input line 80.
LaTeX Font Info:    ... okay on input line 80.
LaTeX Font Info:    Checking defaults for OMX/cmex/m/n on input line 80.
LaTeX Font Info:    ... okay on input line 80.
LaTeX Font Info:    Checking defaults for U/cmr/m/n on input line 80.
LaTeX Font Info:    ... okay on input line 80.

(C:\Users\Stefan\AppData\Local\Programs\MiKTeX\tex/context/base/mkii\supp-pdf.m
kii
[Loading MPS to PDF converter (version 2006.09.02).]
\scratchcounter=\count269
\scratchdimen=\dimen166
\scratchbox=\box53
\nofMPsegments=\count270
\nofMParguments=\count271
\everyMPshowfont=\toks24
\MPscratchCnt=\count272
\MPscratchDim=\dimen167
\MPnumerator=\count273
\makeMPintoPDFobject=\count274
\everyMPtoPDFconversion=\toks25
)
(C:\Users\Stefan\AppData\Local\Programs\MiKTeX\tex/latex/epstopdf-pkg\epstopdf-
base.sty
Package: epstopdf-base 2020-01-24 v2.11 Base part for package epstopdf
Package epstopdf-base Info: Redefining graphics rule for `.eps' on input line 4
85.
)
LaTeX Font Info:    Trying to load font information for U+msa on input line 85.


(C:\Users\Stefan\AppData\Local\Programs\MiKTeX\tex/latex/amsfonts\umsa.fd
File: umsa.fd 2013/01/14 v3.01 AMS symbols A
)
LaTeX Font Info:    Trying to load font information for U+msb on input line 85.


(C:\Users\Stefan\AppData\Local\Programs\MiKTeX\tex/latex/amsfonts\umsb.fd
File: umsb.fd 2013/01/14 v3.01 AMS symbols B
)
(UG.FskEncoder.toc)
\tf@toc=\write3
\openout3 = `UG.FskEncoder.toc'.

 [1

{C:/Users/Stefan/AppData/Local/MiKTeX/pdftex/config/pdftex.map}]
Underfull \hbox (badness 10000) in paragraph at lines 92--94

 []


Underfull \hbox (badness 1484) in paragraph at lines 114--115
\OT1/cmr/m/n/10 tar-get sys-ten and in-put-for-
 []


Underfull \hbox (badness 1735) in paragraph at lines 122--123
\OT1/cmr/m/n/10 date and time of the last
 []


Underfull \hbox (badness 5446) in paragraph at lines 124--125
[]\OT1/cmr/m/n/10 Target spe-cific in-for-ma-tion
 []

<./images/Mainwindow.png, id=10, 607.26875pt x 922.44624pt>
File: ./images/Mainwindow.png Graphic file (type png)
<use ./images/Mainwindow.png>
Package pdftex.def Info: ./images/Mainwindow.png  used on input line 139.
(pdftex.def)             Requested size: 607.26727pt x 922.44398pt.
[2 <./images/Mainwindow.png>]
<./images/Mnu.Preference.png, id=16, 245.91875pt x 159.59625pt>
File: ./images/Mnu.Preference.png Graphic file (type png)
<use ./images/Mnu.Preference.png>
Package pdftex.def Info: ./images/Mnu.Preference.png  used on input line 178.
(pdftex.def)             Requested size: 245.91814pt x 159.59584pt.

Overfull \hbox (3.07498pt too wide) in paragraph at lines 163--181
[]$[]$ $[]$ 
 []

<./images/Dlg.SelectTargetSystem.png, id=17, 466.74374pt x 185.69376pt>
File: ./images/Dlg.SelectTargetSystem.png Graphic file (type png)
<use ./images/Dlg.SelectTargetSystem.png>
Package pdftex.def Info: ./images/Dlg.SelectTargetSystem.png  used on input lin
e 188.
(pdftex.def)             Requested size: 172.5pt x 68.6291pt.
<./images/Ddl.TargetSystems.png, id=18, 466.74374pt x 185.69376pt>
File: ./images/Ddl.TargetSystems.png Graphic file (type png)
<use ./images/Ddl.TargetSystems.png>
Package pdftex.def Info: ./images/Ddl.TargetSystems.png  used on input line 189
.
(pdftex.def)             Requested size: 172.5pt x 68.6291pt.

Overfull \hbox (2.22221pt too wide) in paragraph at lines 188--191
[] [] 
 []


Underfull \hbox (badness 10000) in paragraph at lines 188--191

 []


Underfull \hbox (badness 10000) in paragraph at lines 192--194

 []

<./images/Dlg.SelectOutputDevice.png, id=19, 112.0185pt x 44.5665pt>
File: ./images/Dlg.SelectOutputDevice.png Graphic file (type png)
<use ./images/Dlg.SelectOutputDevice.png>
Package pdftex.def Info: ./images/Dlg.SelectOutputDevice.png  used on input lin
e 199.
(pdftex.def)             Requested size: 172.5pt x 68.63055pt.
<./images/Ddl.OutputDevices.png, id=20, 280.04625pt x 172.2435pt>
File: ./images/Ddl.OutputDevices.png Graphic file (type png)
<use ./images/Ddl.OutputDevices.png>
Package pdftex.def Info: ./images/Ddl.OutputDevices.png  used on input line 200
.
(pdftex.def)             Requested size: 172.5pt x 106.10126pt.

Overfull \hbox (2.22221pt too wide) in paragraph at lines 199--202
[] [] 
 []


Underfull \hbox (badness 10000) in paragraph at lines 199--202

 []

<./images/Dlg.SelectDefaultPath.png, id=21, 378.213pt x 273.4215pt>
File: ./images/Dlg.SelectDefaultPath.png Graphic file (type png)
<use ./images/Dlg.SelectDefaultPath.png>
Package pdftex.def Info: ./images/Dlg.SelectDefaultPath.png  used on input line
 217.
(pdftex.def)             Requested size: 378.21207pt x 273.4208pt.
[3 <./images/Mnu.Preference.png> <./images/Dlg.SelectTargetSystem.png (PNG copy
)> <./images/Ddl.TargetSystems.png (PNG copy)> <./images/Dlg.SelectOutputDevice
.png> <./images/Ddl.OutputDevices.png (PNG copy)>]
Underfull \hbox (badness 10000) in paragraph at lines 229--231

 []

<./images/Pnl.OutputControl.png, id=28, 360.1455pt x 96.36pt>
File: ./images/Pnl.OutputControl.png Graphic file (type png)
<use ./images/Pnl.OutputControl.png>
Package pdftex.def Info: ./images/Pnl.OutputControl.png  used on input line 232
.
(pdftex.def)             Requested size: 172.5pt x 46.15375pt.
<./images/Pnl.SourceFileSelector.png, id=29, 359.54324pt x 49.98676pt>
File: ./images/Pnl.SourceFileSelector.png Graphic file (type png)
<use ./images/Pnl.SourceFileSelector.png>
Package pdftex.def Info: ./images/Pnl.SourceFileSelector.png  used on input lin
e 238.
(pdftex.def)             Requested size: 172.5pt x 23.98268pt.
<./images/Dlg.SelectFile.png, id=30, 378.213pt x 273.4215pt>
File: ./images/Dlg.SelectFile.png Graphic file (type png)
<use ./images/Dlg.SelectFile.png>
Package pdftex.def Info: ./images/Dlg.SelectFile.png  used on input line 251.
(pdftex.def)             Requested size: 378.21207pt x 273.4208pt.
<./images/Pnl.SourceFileInfo.png, id=31, 360.1455pt x 99.9735pt>
File: ./images/Pnl.SourceFileInfo.png Graphic file (type png)
<use ./images/Pnl.SourceFileInfo.png>
Package pdftex.def Info: ./images/Pnl.SourceFileInfo.png  used on input line 26
1.
(pdftex.def)             Requested size: 360.1446pt x 99.97324pt.

Underfull \hbox (badness 10000) in paragraph at lines 259--273

 []


Underfull \hbox (badness 10000) in paragraph at lines 274--276

 []

[4 <./images/Dlg.SelectDefaultPath.png (PNG copy)> <./images/Pnl.OutputControl.
png (PNG copy)> <./images/Pnl.SourceFileSelector.png (PNG copy)> <./images/Dlg.
SelectFile.png (PNG copy)> <./images/Pnl.SourceFileInfo.png (PNG copy)>]
<./images/Pnl.UploadControl.png, id=35, 359.54324pt x 124.0635pt>
File: ./images/Pnl.UploadControl.png Graphic file (type png)
<use ./images/Pnl.UploadControl.png>
Package pdftex.def Info: ./images/Pnl.UploadControl.png  used on input line 293
.
(pdftex.def)             Requested size: 172.5pt x 59.52328pt.

Underfull \hbox (badness 10000) in paragraph at lines 293--296

 []


Underfull \hbox (badness 10000) in paragraph at lines 297--300

 []

<./images/Pnl.StatusBar.png, id=36, 360.1455pt x 45.16875pt>
File: ./images/Pnl.StatusBar.png Graphic file (type png)
<use ./images/Pnl.StatusBar.png>
Package pdftex.def Info: ./images/Pnl.StatusBar.png  used on input line 307.
(pdftex.def)             Requested size: 172.5pt x 21.63457pt.

Underfull \hbox (badness 10000) in paragraph at lines 307--310

 []


Underfull \hbox (badness 10000) in paragraph at lines 317--319

 []


Underfull \hbox (badness 10000) in paragraph at lines 320--322

 []

[5 <./images/Pnl.UploadControl.png (PNG copy)> <./images/Pnl.StatusBar.png (PNG
 copy)>]
Underfull \hbox (badness 10000) in paragraph at lines 359--361

 []


Underfull \hbox (badness 10000) in paragraph at lines 374--376

 []


Underfull \hbox (badness 10000) in paragraph at lines 377--380

 []

[6]
Underfull \hbox (badness 10000) in paragraph at lines 395--397

 []


Underfull \hbox (badness 10000) in paragraph at lines 398--400

 []


Underfull \hbox (badness 10000) in paragraph at lines 401--403

 []


Underfull \hbox (badness 10000) in paragraph at lines 404--406

 []


Underfull \hbox (badness 10000) in paragraph at lines 407--409

 []


Underfull \hbox (badness 10000) in paragraph at lines 410--412

 []


Underfull \hbox (badness 10000) in paragraph at lines 423--425

 []


Underfull \hbox (badness 10000) in paragraph at lines 426--428

 []


Overfull \hbox (1.49698pt too wide) in paragraph at lines 458--458
[]\OT1/cmtt/m/n/10 set CLASS_PATH=%CLASS_PATH%;../extensions/Ihx8ReaderExtensio
n.jar;[] 
 []


Overfull \hbox (1.49698pt too wide) in paragraph at lines 458--458
[]\OT1/cmtt/m/n/10 set CLASS_PATH=%CLASS_PATH%;../extensions/Z80TrainerExtensio
n.jar;[] 
 []

[7]
Underfull \hbox (badness 10000) in paragraph at lines 472--474

 []


Underfull \hbox (badness 1502) in paragraph at lines 483--485
[]\OT1/cmr/m/n/10 The MPF-1 sys-tem needs the '\OT1/cmr/m/it/10 File
 []


Underfull \hbox (badness 10000) in paragraph at lines 483--485

 []

<./images/Pnl.TargetExtension-MpfI.png, id=48, 374.5995pt x 52.998pt>
File: ./images/Pnl.TargetExtension-MpfI.png Graphic file (type png)
<use ./images/Pnl.TargetExtension-MpfI.png>
Package pdftex.def Info: ./images/Pnl.TargetExtension-MpfI.png  used on input l
ine 490.
(pdftex.def)             Requested size: 374.59859pt x 52.99786pt.
[8 <./images/Pnl.TargetExtension-MpfI.png (PNG copy)>]
Underfull \hbox (badness 2050) in paragraph at lines 504--506
[]\OT1/cmr/m/n/10 The Z80 Trainer sys-tem needs the
 []


Underfull \hbox (badness 1137) in paragraph at lines 504--506
\OT1/cmr/m/n/10 '\OT1/cmr/m/it/10 Pro-gram Num-ber\OT1/cmr/m/n/10 ' pa-ram-e-te
r for an
 []


Underfull \hbox (badness 10000) in paragraph at lines 504--506

 []

<./images/Pnl.TargetExtension-Z80Trainer.png, id=52, 373.99725pt x 54.2025pt>
File: ./images/Pnl.TargetExtension-Z80Trainer.png Graphic file (type png)
<use ./images/Pnl.TargetExtension-Z80Trainer.png>
Package pdftex.def Info: ./images/Pnl.TargetExtension-Z80Trainer.png  used on i
nput line 511.
(pdftex.def)             Requested size: 373.99632pt x 54.20236pt.
<./images/Pnl.TargetExtension-BinReader.png, id=53, 374.5995pt x 78.2925pt>
File: ./images/Pnl.TargetExtension-BinReader.png Graphic file (type png)
<use ./images/Pnl.TargetExtension-BinReader.png>
Package pdftex.def Info: ./images/Pnl.TargetExtension-BinReader.png  used on in
put line 531.
(pdftex.def)             Requested size: 374.59859pt x 78.2923pt.

Underfull \hbox (badness 10000) in paragraph at lines 537--539

 []


Underfull \hbox (badness 10000) in paragraph at lines 540--542

 []

<./images/Pnl.TargetExtension-Ihx8Reader.png, id=54, 374.5995pt x 116.8365pt>
File: ./images/Pnl.TargetExtension-Ihx8Reader.png Graphic file (type png)
<use ./images/Pnl.TargetExtension-Ihx8Reader.png>
Package pdftex.def Info: ./images/Pnl.TargetExtension-Ihx8Reader.png  used on i
nput line 557.
(pdftex.def)             Requested size: 374.59859pt x 116.83621pt.

Underfull \hbox (badness 10000) in paragraph at lines 563--565

 []


Underfull \hbox (badness 10000) in paragraph at lines 566--568

 []

[9 <./images/Pnl.TargetExtension-Z80Trainer.png (PNG copy)> <./images/Pnl.Targe
tExtension-BinReader.png (PNG copy)> <./images/Pnl.TargetExtension-Ihx8Reader.p
ng (PNG copy)>] [10] (UG.FskEncoder.aux) ) 
Here is how much of TeX's memory you used:
 4453 strings out of 479618
 70351 string characters out of 2864551
 366852 words of memory out of 3000000
 21547 multiletter control sequences out of 15000+200000
 411807 words of font info for 60 fonts, out of 3000000 for 9000
 1141 hyphenation exceptions out of 8191
 111i,6n,116p,406b,363s stack positions out of 5000i,500n,10000p,200000b,50000s
<C:/Users/Stefan/AppData/Local/Progra
ms/MiKTeX/fonts/type1/public/amsfonts/cm/cmbx10.pfb><C:/Users/Stefan/AppData/Lo
cal/Programs/MiKTeX/fonts/type1/public/amsfonts/cm/cmbx12.pfb><C:/Users/Stefan/
AppData/Local/Programs/MiKTeX/fonts/type1/public/amsfonts/cm/cmr10.pfb><C:/User
s/Stefan/AppData/Local/Programs/MiKTeX/fonts/type1/public/amsfonts/cm/cmr12.pfb
><C:/Users/Stefan/AppData/Local/Programs/MiKTeX/fonts/type1/public/amsfonts/cm/
cmr17.pfb><C:/Users/Stefan/AppData/Local/Programs/MiKTeX/fonts/type1/public/ams
fonts/cm/cmti10.pfb><C:/Users/Stefan/AppData/Local/Programs/MiKTeX/fonts/type1/
public/amsfonts/cm/cmtt10.pfb>
Output written on UG.FskEncoder.pdf (10 pages, 248761 bytes).
PDF statistics:
 84 PDF objects out of 1000 (max. 8388607)
 0 named destinations out of 1000 (max. 500000)
 86 words of extra memory for PDF output out of 10000 (max. 10000000)

